{
	"C:\\Users\\robik\\Desktop\\Development\\IMS-portfolio\\frontend\\src\\App.js": {
		"path": "C:\\Users\\robik\\Desktop\\Development\\IMS-portfolio\\frontend\\src\\App.js",
		"statementMap": {
			"0": {
				"start": { "line": 4, "column": 1 },
				"end": { "line": 4, "column": 72 }
			}
		},
		"fnMap": {
			"0": {
				"name": "App",
				"decl": {
					"start": { "line": 3, "column": 9 },
					"end": { "line": 3, "column": 12 }
				},
				"loc": {
					"start": { "line": 3, "column": 15 },
					"end": { "line": 5, "column": 1 }
				},
				"line": 3
			}
		},
		"branchMap": {},
		"s": { "0": 1 },
		"f": { "0": 1 },
		"b": {},
		"_coverageSchema": "1a1c01bbd47fc00a2c39e90264f33305004495a9",
		"hash": "e152f358b3f6694a8c4f3c5eb9109a619bd6012d"
	}
}
